# JRE version: Java(TM) SE Runtime Environment (8.0_251-b08) (build 1.8.0_251-b08)
# Java VM: Java HotSpot(TM) 64-Bit Server VM (25.251-b08 mixed mode windows-amd64 compressed oops)
Heap:
 PSYoungGen      total 260608K, used 17349K [0x00000000d5b80000, 0x00000000e6a00000, 0x0000000100000000)
  eden space 251904K, 3% used [0x00000000d5b80000,0x00000000d643b738,0x00000000e5180000)
  from space 8704K, 96% used [0x00000000e6180000,0x00000000e69b5ee8,0x00000000e6a00000)
  to   space 11776K, 0% used [0x00000000e5300000,0x00000000e5300000,0x00000000e5e80000)
 ParOldGen       total 68096K, used 21623K [0x0000000081200000, 0x0000000085480000, 0x00000000d5b80000)
  object space 68096K, 31% used [0x0000000081200000,0x000000008271de08,0x0000000085480000)
 Metaspace       used 45115K, capacity 48026K, committed 48168K, reserved 1091584K
  class space    used 6113K, capacity 6625K, committed 6696K, reserved 1048576K
GC Heap History (10 events):
Event: 7.645 GC heap before
{Heap before GC invocations=10 (full 1):
 PSYoungGen      total 129024K, used 128521K [0x00000000d5b80000, 0x00000000dea00000, 0x0000000100000000)
  eden space 123392K, 100% used [0x00000000d5b80000,0x00000000dd400000,0x00000000dd400000)
  from space 5632K, 91% used [0x00000000de480000,0x00000000de982598,0x00000000dea00000)
  to   space 7680K, 0% used [0x00000000ddb00000,0x00000000ddb00000,0x00000000de280000)
 ParOldGen       total 46080K, used 5850K [0x0000000081200000, 0x0000000083f00000, 0x00000000d5b80000)
  object space 46080K, 12% used [0x0000000081200000,0x00000000817b6848,0x0000000083f00000)
 Metaspace       used 28793K, capacity 30636K, committed 30848K, reserved 1075200K
  class space    used 3864K, capacity 4212K, committed 4224K, reserved 1048576K
Event: 7.657 GC heap after
Heap after GC invocations=10 (full 1):
 PSYoungGen      total 138240K, used 7649K [0x00000000d5b80000, 0x00000000e2280000, 0x0000000100000000)
  eden space 130560K, 0% used [0x00000000d5b80000,0x00000000d5b80000,0x00000000ddb00000)
  from space 7680K, 99% used [0x00000000ddb00000,0x00000000de2787b0,0x00000000de280000)
  to   space 9216K, 0% used [0x00000000e1980000,0x00000000e1980000,0x00000000e2280000)
 ParOldGen       total 46080K, used 7901K [0x0000000081200000, 0x0000000083f00000, 0x00000000d5b80000)
  object space 46080K, 17% used [0x0000000081200000,0x00000000819b7580,0x0000000083f00000)
 Metaspace       used 28793K, capacity 30636K, committed 30848K, reserved 1075200K
  class space    used 3864K, capacity 4212K, committed 4224K, reserved 1048576K
}
Event: 9.298 GC heap before
{Heap before GC invocations=11 (full 1):
 PSYoungGen      total 138240K, used 127766K [0x00000000d5b80000, 0x00000000e2280000, 0x0000000100000000)
  eden space 130560K, 92% used [0x00000000d5b80000,0x00000000dd0cd120,0x00000000ddb00000)
  from space 7680K, 99% used [0x00000000ddb00000,0x00000000de2787b0,0x00000000de280000)
  to   space 9216K, 0% used [0x00000000e1980000,0x00000000e1980000,0x00000000e2280000)
 ParOldGen       total 46080K, used 7901K [0x0000000081200000, 0x0000000083f00000, 0x00000000d5b80000)
  object space 46080K, 17% used [0x0000000081200000,0x00000000819b7580,0x0000000083f00000)
 Metaspace       used 33477K, capacity 35408K, committed 35496K, reserved 1079296K
  class space    used 4601K, capacity 5004K, committed 5032K, reserved 1048576K
Event: 9.320 GC heap after
Heap after GC invocations=11 (full 1):
 PSYoungGen      total 192512K, used 9202K [0x00000000d5b80000, 0x00000000e2e80000, 0x0000000100000000)
  eden space 183296K, 0% used [0x00000000d5b80000,0x00000000d5b80000,0x00000000e0e80000)
  from space 9216K, 99% used [0x00000000e1980000,0x00000000e227c840,0x00000000e2280000)
  to   space 11264K, 0% used [0x00000000e0e80000,0x00000000e0e80000,0x00000000e1980000)
 ParOldGen       total 46080K, used 10111K [0x0000000081200000, 0x0000000083f00000, 0x00000000d5b80000)
  object space 46080K, 21% used [0x0000000081200000,0x0000000081bdfd68,0x0000000083f00000)
 Metaspace       used 33477K, capacity 35408K, committed 35496K, reserved 1079296K
  class space    used 4601K, capacity 5004K, committed 5032K, reserved 1048576K
}
Event: 9.320 GC heap before
{Heap before GC invocations=12 (full 2):
 PSYoungGen      total 192512K, used 9202K [0x00000000d5b80000, 0x00000000e2e80000, 0x0000000100000000)
  eden space 183296K, 0% used [0x00000000d5b80000,0x00000000d5b80000,0x00000000e0e80000)
  from space 9216K, 99% used [0x00000000e1980000,0x00000000e227c840,0x00000000e2280000)
  to   space 11264K, 0% used [0x00000000e0e80000,0x00000000e0e80000,0x00000000e1980000)
 ParOldGen       total 46080K, used 10111K [0x0000000081200000, 0x0000000083f00000, 0x00000000d5b80000)
  object space 46080K, 21% used [0x0000000081200000,0x0000000081bdfd68,0x0000000083f00000)
 Metaspace       used 33477K, capacity 35408K, committed 35496K, reserved 1079296K
  class space    used 4601K, capacity 5004K, committed 5032K, reserved 1048576K
Event: 9.406 GC heap after
Heap after GC invocations=12 (full 2):
 PSYoungGen      total 192512K, used 0K [0x00000000d5b80000, 0x00000000e2e80000, 0x0000000100000000)
  eden space 183296K, 0% used [0x00000000d5b80000,0x00000000d5b80000,0x00000000e0e80000)
  from space 9216K, 0% used [0x00000000e1980000,0x00000000e1980000,0x00000000e2280000)
  to   space 11264K, 0% used [0x00000000e0e80000,0x00000000e0e80000,0x00000000e1980000)
 ParOldGen       total 68096K, used 16139K [0x0000000081200000, 0x0000000085480000, 0x00000000d5b80000)
  object space 68096K, 23% used [0x0000000081200000,0x00000000821c2db8,0x0000000085480000)
 Metaspace       used 33477K, capacity 35408K, committed 35496K, reserved 1079296K
  class space    used 4601K, capacity 5004K, committed 5032K, reserved 1048576K
}
Event: 11.352 GC heap before
{Heap before GC invocations=13 (full 2):
 PSYoungGen      total 192512K, used 183296K [0x00000000d5b80000, 0x00000000e2e80000, 0x0000000100000000)
  eden space 183296K, 100% used [0x00000000d5b80000,0x00000000e0e80000,0x00000000e0e80000)
  from space 9216K, 0% used [0x00000000e1980000,0x00000000e1980000,0x00000000e2280000)
  to   space 11264K, 0% used [0x00000000e0e80000,0x00000000e0e80000,0x00000000e1980000)
 ParOldGen       total 68096K, used 16139K [0x0000000081200000, 0x0000000085480000, 0x00000000d5b80000)
  object space 68096K, 23% used [0x0000000081200000,0x00000000821c2db8,0x0000000085480000)
 Metaspace       used 39361K, capacity 41934K, committed 42280K, reserved 1085440K
  class space    used 5348K, capacity 5813K, committed 5928K, reserved 1048576K
Event: 11.375 GC heap after
Heap after GC invocations=13 (full 2):
 PSYoungGen      total 194560K, used 7968K [0x00000000d5b80000, 0x00000000e6c80000, 0x0000000100000000)
  eden space 183296K, 0% used [0x00000000d5b80000,0x00000000d5b80000,0x00000000e0e80000)
  from space 11264K, 70% used [0x00000000e0e80000,0x00000000e1648248,0x00000000e1980000)
  to   space 11264K, 0% used [0x00000000e6180000,0x00000000e6180000,0x00000000e6c80000)
 ParOldGen       total 68096K, used 16147K [0x0000000081200000, 0x0000000085480000, 0x00000000d5b80000)
  object space 68096K, 23% used [0x0000000081200000,0x00000000821c4db8,0x0000000085480000)
 Metaspace       used 39361K, capacity 41934K, committed 42280K, reserved 1085440K
  class space    used 5348K, capacity 5813K, committed 5928K, reserved 1048576K
}
Event: 14.530 GC heap before
{Heap before GC invocations=14 (full 2):
 PSYoungGen      total 194560K, used 191264K [0x00000000d5b80000, 0x00000000e6c80000, 0x0000000100000000)
  eden space 183296K, 100% used [0x00000000d5b80000,0x00000000e0e80000,0x00000000e0e80000)
  from space 11264K, 70% used [0x00000000e0e80000,0x00000000e1648248,0x00000000e1980000)
  to   space 11264K, 0% used [0x00000000e6180000,0x00000000e6180000,0x00000000e6c80000)
 ParOldGen       total 68096K, used 16147K [0x0000000081200000, 0x0000000085480000, 0x00000000d5b80000)
  object space 68096K, 23% used [0x0000000081200000,0x00000000821c4db8,0x0000000085480000)
 Metaspace       used 43361K, capacity 46252K, committed 46376K, reserved 1089536K
  class space    used 5904K, capacity 6398K, committed 6440K, reserved 1048576K
Event: 14.551 GC heap after
Heap after GC invocations=14 (full 2):
 PSYoungGen      total 260608K, used 8407K [0x00000000d5b80000, 0x00000000e6a00000, 0x0000000100000000)
  eden space 251904K, 0% used [0x00000000d5b80000,0x00000000d5b80000,0x00000000e5180000)
  from space 8704K, 96% used [0x00000000e6180000,0x00000000e69b5ee8,0x00000000e6a00000)
  to   space 11776K, 0% used [0x00000000e5300000,0x00000000e5300000,0x00000000e5e80000)
 ParOldGen       total 68096K, used 21623K [0x0000000081200000, 0x0000000085480000, 0x00000000d5b80000)
  object space 68096K, 31% used [0x0000000081200000,0x000000008271de08,0x0000000085480000)
 Metaspace       used 43361K, capacity 46252K, committed 46376K, reserved 1089536K
  class space    used 5904K, capacity 6398K, committed 6440K, reserved 1048576K
}

